[DEBUG] 2023-09-11 14:29:34.456 [main] InternalLoggerFactory - Using Log4J2 as the default logging framework
[DEBUG] 2023-09-11 14:29:34.475 [main] ResourceLeakDetector - -Dio.netty.leakDetection.level: simple
[DEBUG] 2023-09-11 14:29:34.475 [main] ResourceLeakDetector - -Dio.netty.leakDetection.targetRecords: 4
[DEBUG] 2023-09-11 14:29:34.480 [main] ResourceLeakDetectorFactory - Loaded default ResourceLeakDetector: io.netty.util.ResourceLeakDetector@35e478f
[DEBUG] 2023-09-11 14:29:34.498 [main] PlatformDependent0 - -Dio.netty.noUnsafe: false
[DEBUG] 2023-09-11 14:29:34.499 [main] PlatformDependent0 - Java version: 17
[DEBUG] 2023-09-11 14:29:34.500 [main] PlatformDependent0 - sun.misc.Unsafe.theUnsafe: available
[DEBUG] 2023-09-11 14:29:34.500 [main] PlatformDependent0 - sun.misc.Unsafe.copyMemory: available
[DEBUG] 2023-09-11 14:29:34.501 [main] PlatformDependent0 - sun.misc.Unsafe.storeFence: available
[DEBUG] 2023-09-11 14:29:34.501 [main] PlatformDependent0 - java.nio.Buffer.address: available
[DEBUG] 2023-09-11 14:29:34.502 [main] PlatformDependent0 - direct buffer constructor: unavailable: Reflective setAccessible(true) disabled
[DEBUG] 2023-09-11 14:29:34.502 [main] PlatformDependent0 - java.nio.Bits.unaligned: available, true
[DEBUG] 2023-09-11 14:29:34.504 [main] PlatformDependent0 - jdk.internal.misc.Unsafe.allocateUninitializedArray(int): unavailable: class io.netty.util.internal.PlatformDependent0$7 cannot access class jdk.internal.misc.Unsafe (in module java.base) because module java.base does not export jdk.internal.misc to unnamed module @29ca901e
[DEBUG] 2023-09-11 14:29:34.506 [main] PlatformDependent0 - java.nio.DirectByteBuffer.<init>(long, {int,long}): unavailable
[DEBUG] 2023-09-11 14:29:34.506 [main] PlatformDependent - sun.misc.Unsafe: available
[DEBUG] 2023-09-11 14:29:34.506 [main] PlatformDependent - maxDirectMemory: 2078277632 bytes (maybe)
[DEBUG] 2023-09-11 14:29:34.507 [main] PlatformDependent - -Dio.netty.tmpdir: C:\Users\apadiyar\AppData\Local\Temp (java.io.tmpdir)
[DEBUG] 2023-09-11 14:29:34.507 [main] PlatformDependent - -Dio.netty.bitMode: 64 (sun.arch.data.model)
[DEBUG] 2023-09-11 14:29:34.507 [main] PlatformDependent - Platform: Windows
[DEBUG] 2023-09-11 14:29:34.508 [main] PlatformDependent - -Dio.netty.maxDirectMemory: -1 bytes
[DEBUG] 2023-09-11 14:29:34.508 [main] PlatformDependent - -Dio.netty.uninitializedArrayAllocationThreshold: -1
[DEBUG] 2023-09-11 14:29:34.510 [main] CleanerJava9 - java.nio.ByteBuffer.cleaner(): available
[DEBUG] 2023-09-11 14:29:34.510 [main] PlatformDependent - -Dio.netty.noPreferDirect: false
[DEBUG] 2023-09-11 14:29:34.518 [main] PlatformDependent - org.jctools-core.MpscChunkedArrayQueue: available
[DEBUG] 2023-09-11 14:29:34.546 [main] InternalThreadLocalMap - -Dio.netty.threadLocalMap.stringBuilder.initialSize: 1024
[DEBUG] 2023-09-11 14:29:34.546 [main] InternalThreadLocalMap - -Dio.netty.threadLocalMap.stringBuilder.maxSize: 4096
[DEBUG] 2023-09-11 14:29:34.729 [main] JdkSslContext - Default protocols (JDK): [TLSv1.3, TLSv1.2] 
[DEBUG] 2023-09-11 14:29:34.729 [main] JdkSslContext - Default cipher suites (JDK): [TLS_ECDHE_ECDSA_WITH_AES_256_GCM_SHA384, TLS_ECDHE_ECDSA_WITH_AES_128_GCM_SHA256, TLS_ECDHE_RSA_WITH_AES_128_GCM_SHA256, TLS_ECDHE_RSA_WITH_AES_256_GCM_SHA384, TLS_ECDHE_RSA_WITH_AES_128_CBC_SHA, TLS_ECDHE_RSA_WITH_AES_256_CBC_SHA, TLS_RSA_WITH_AES_128_GCM_SHA256, TLS_RSA_WITH_AES_128_CBC_SHA, TLS_RSA_WITH_AES_256_CBC_SHA, TLS_AES_128_GCM_SHA256, TLS_AES_256_GCM_SHA384]
[DEBUG] 2023-09-11 14:29:34.744 [main] GlobalEventExecutor - -Dio.netty.globalEventExecutor.quietPeriodSeconds: 1
[DEBUG] 2023-09-11 14:29:34.761 [main] MultithreadEventLoopGroup - -Dio.netty.eventLoopThreads: 16
[DEBUG] 2023-09-11 14:29:34.771 [main] NioEventLoop - -Dio.netty.noKeySetOptimization: false
[DEBUG] 2023-09-11 14:29:34.771 [main] NioEventLoop - -Dio.netty.selectorAutoRebuildThreshold: 512
[DEBUG] 2023-09-11 14:29:34.827 [main] PooledByteBufAllocator - -Dio.netty.allocator.numHeapArenas: 16
[DEBUG] 2023-09-11 14:29:34.827 [main] PooledByteBufAllocator - -Dio.netty.allocator.numDirectArenas: 16
[DEBUG] 2023-09-11 14:29:34.827 [main] PooledByteBufAllocator - -Dio.netty.allocator.pageSize: 8192
[DEBUG] 2023-09-11 14:29:34.827 [main] PooledByteBufAllocator - -Dio.netty.allocator.maxOrder: 9
[DEBUG] 2023-09-11 14:29:34.827 [main] PooledByteBufAllocator - -Dio.netty.allocator.chunkSize: 4194304
[DEBUG] 2023-09-11 14:29:34.827 [main] PooledByteBufAllocator - -Dio.netty.allocator.smallCacheSize: 256
[DEBUG] 2023-09-11 14:29:34.827 [main] PooledByteBufAllocator - -Dio.netty.allocator.normalCacheSize: 64
[DEBUG] 2023-09-11 14:29:34.828 [main] PooledByteBufAllocator - -Dio.netty.allocator.maxCachedBufferCapacity: 32768
[DEBUG] 2023-09-11 14:29:34.828 [main] PooledByteBufAllocator - -Dio.netty.allocator.cacheTrimInterval: 8192
[DEBUG] 2023-09-11 14:29:34.828 [main] PooledByteBufAllocator - -Dio.netty.allocator.cacheTrimIntervalMillis: 0
[DEBUG] 2023-09-11 14:29:34.828 [main] PooledByteBufAllocator - -Dio.netty.allocator.useCacheForAllThreads: false
[DEBUG] 2023-09-11 14:29:34.828 [main] PooledByteBufAllocator - -Dio.netty.allocator.maxCachedByteBuffersPerChunk: 1023
[DEBUG] 2023-09-11 14:29:34.837 [main] ByteBufUtil - -Dio.netty.allocator.type: pooled
[DEBUG] 2023-09-11 14:29:34.837 [main] ByteBufUtil - -Dio.netty.threadLocalDirectBufferSize: 0
[DEBUG] 2023-09-11 14:29:34.837 [main] ByteBufUtil - -Dio.netty.maxThreadLocalCharBufferSize: 16384
[DEBUG] 2023-09-11 14:29:35.107 [Forwarding newSession on session null to remote] DefaultChannelId - -Dio.netty.processId: 16596 (auto-detected)
[DEBUG] 2023-09-11 14:29:35.110 [Forwarding newSession on session null to remote] NetUtil - -Djava.net.preferIPv4Stack: false
[DEBUG] 2023-09-11 14:29:35.110 [Forwarding newSession on session null to remote] NetUtil - -Djava.net.preferIPv6Addresses: false
[DEBUG] 2023-09-11 14:29:35.116 [Forwarding newSession on session null to remote] NetUtilInitializations - Loopback interface: lo (Software Loopback Interface 1, 127.0.0.1)
[DEBUG] 2023-09-11 14:29:35.117 [Forwarding newSession on session null to remote] NetUtil - Failed to get SOMAXCONN from sysctl and file \proc\sys\net\core\somaxconn. Default: 200
[DEBUG] 2023-09-11 14:29:35.126 [Forwarding newSession on session null to remote] DefaultChannelId - -Dio.netty.machineId: d4:54:8b:ff:fe:7a:b6:92 (auto-detected)
[DEBUG] 2023-09-11 14:29:35.178 [AsyncHttpClient-1-2] AbstractByteBuf - -Dio.netty.buffer.checkAccessible: true
[DEBUG] 2023-09-11 14:29:35.178 [AsyncHttpClient-1-2] AbstractByteBuf - -Dio.netty.buffer.checkBounds: true
[DEBUG] 2023-09-11 14:29:35.179 [AsyncHttpClient-1-2] ResourceLeakDetectorFactory - Loaded default ResourceLeakDetector: io.netty.util.ResourceLeakDetector@634f3473
[DEBUG] 2023-09-11 14:29:35.212 [AsyncHttpClient-1-2] Recycler - -Dio.netty.recycler.maxCapacityPerThread: 4096
[DEBUG] 2023-09-11 14:29:35.212 [AsyncHttpClient-1-2] Recycler - -Dio.netty.recycler.ratio: 8
[DEBUG] 2023-09-11 14:29:35.212 [AsyncHttpClient-1-2] Recycler - -Dio.netty.recycler.chunkSize: 32
[DEBUG] 2023-09-11 14:29:35.212 [AsyncHttpClient-1-2] Recycler - -Dio.netty.recycler.blocking: false
[DEBUG] 2023-09-11 14:29:35.212 [AsyncHttpClient-1-2] Recycler - -Dio.netty.recycler.batchFastThreadLocalOnly: true
[DEBUG] 2023-09-11 14:29:36.064 [AsyncHttpClient-1-2] Brotli - brotli4j not in the classpath; Brotli support will be unavailable.
[DEBUG] 2023-09-11 14:29:36.275 [main] ThreadLocalRandom - -Dio.netty.initialSeedUniquifier: 0x9e8c0621544df30f
[ERROR] 2023-09-11 14:29:37.515 [main] NewTest - This is an error
[WARN ] 2023-09-11 14:29:37.515 [main] NewTest - This is a warning
[FATAL] 2023-09-11 14:29:37.515 [main] NewTest - This is a fatal
